<?xml version="1.0" encoding="UTF-8"?>
<!-- Generated by org.testng.reporters.JUnitXMLReporter -->
<testsuite hostname="DESKTOP-MPL4FM9" ignored="0" name="Default test" tests="6" failures="0" timestamp="24 Jan 2020 16:30:23 GMT" time="0.183" errors="0">
  <testcase name="ClickAerobicexcercise" time="0.019" classname="tests.TestCases"/>
  <testcase name="ClickAerobics" time="0.016" classname="tests.TestCases"/>
  <testcase name="ClickExercise" time="0.004" classname="tests.TestCases"/>
  <testcase name="ClickLiveWell" time="0.004" classname="tests.TestCases"/>
  <testcase name="Clickaerobicworkoutvideos" time="0.013" classname="tests.TestCases"/>
  <testcase name="ClickandwatchAerobics" time="0.013" classname="tests.TestCases"/>
</testsuite> <!-- Default test -->
