<?xml version="1.0" encoding="UTF-8"?>
<!-- Generated by org.testng.reporters.JUnitXMLReporter -->
<testsuite hostname="DESKTOP-MPL4FM9" ignored="0" name="MaintainaceTest" tests="7" failures="0" timestamp="24 Jan 2020 16:33:05 GMT" time="11.051" errors="0">
  <testcase name="LaunchBrowser" time="10.958" classname="tests.NHSAppTest"/>
  <testcase name="ClickAerobicexcercise" time="0.003" classname="tests.TestCases"/>
  <testcase name="ClickAerobics" time="0.01" classname="tests.TestCases"/>
  <testcase name="ClickExercise" time="0.003" classname="tests.TestCases"/>
  <testcase name="ClickLiveWell" time="0.004" classname="tests.TestCases"/>
  <testcase name="Clickaerobicworkoutvideos" time="0.009" classname="tests.TestCases"/>
  <testcase name="ClickandwatchAerobics" time="0.001" classname="tests.TestCases"/>
</testsuite> <!-- MaintainaceTest -->
